accessibility.sh

android-studio.sh

date-time.sh
2024-01-25 11:44:08.233 systemsetup[34402:607357] ### Error:-99 File:/AppleInternal/Library/BuildRoots/0032d1ee-80fd-11ee-8227-6aecfccc70fe/Library/Caches/com.apple.xbs/Sources/Admin/InternetServices.m Line:379
2024-01-25 11:44:08.291 systemsetup[34407:607409] ### Error:-99 File:/AppleInternal/Library/BuildRoots/0032d1ee-80fd-11ee-8227-6aecfccc70fe/Library/Caches/com.apple.xbs/Sources/Admin/InternetServices.m Line:379

desktop.sh

displays.sh

dock.sh
adding /Users/gergelymarosi/.ignition/macOS
adding /Applications/Google Chrome.app
adding /Applications/Spotify.app
adding /Users/gergelymarosi/.ignition/macOS
adding /Applications/Messenger.app
adding /System/Applications/Messages.app
adding /Applications/WhatsApp.app
adding /Users/gergelymarosi/.ignition/macOS
adding /System/Applications/Calendar.app
adding /System/Applications/Reminders.app
adding /System/Applications/Notes.app
adding /Applications/1Password.app
adding /System/Applications/Utilities/Screenshot.app
adding /Users/gergelymarosi/.ignition/macOS
adding /Applications/Slack.app
adding /Users/gergelymarosi/Applications/Chrome Apps.localized/Google Meet.app
adding /Users/gergelymarosi/.ignition/macOS
adding /Applications/kitty.app
adding /Applications/GitKraken.app
adding /Applications/Atom.app
adding /Applications/Android Studio.app
adding /Applications/Charles.app
adding /System/Applications/QuickTime Player.app
adding /Users/gergelymarosi/.ignition/macOS
adding /Users/gergelymarosi/Downloads

finder.sh
Added sidebar item with name: /
Added sidebar item with name: ~
Added sidebar item with name: workspace
Added sidebar item with name: tmp
Added sidebar item with name: Desktop
Added sidebar item with name: Downloads

fish.sh
Changing shell for root.
chsh: no changes made

keyboard.sh

launch.sh

menu-bar.sh

mission-control.sh

notifications.sh

safari.sh

screenshot.sh

security-privacy.sh

siri.sh

system.sh

trackpad.sh

